Using pre-set license
Built from '2021.3/staging' branch; Version is '2021.3.20f1 (577897200b8b) revision 5732503'; Using compiler version '192829333'; Build Type 'Release'
OS: 'Windows 10  (10.0.19045) 64bit Professional' Language: 'it' Physical Memory: 16298 MB
BatchMode: 1, IsHumanControllingUs: 0, StartBugReporterOnCrash: 0, Is64bit: 1, IsPro: 1

COMMAND LINE ARGUMENTS:
D:\Program Files (x86)\Unity\Editor\2021.3.20f1\Editor\Unity.exe
-adb2
-batchMode
-noUpm
-name
AssetImportWorker2
-projectPath
D:/Users/matte/Unity-projects/final-project
-logFile
Logs/AssetImportWorker2.log
-srvPort
55094
Successfully changed project path to: D:/Users/matte/Unity-projects/final-project
D:/Users/matte/Unity-projects/final-project
[UnityMemory] Configuration Parameters - Can be set up in boot.config
    "memorysetup-bucket-allocator-granularity=16"
    "memorysetup-bucket-allocator-bucket-count=8"
    "memorysetup-bucket-allocator-block-size=33554432"
    "memorysetup-bucket-allocator-block-count=8"
    "memorysetup-main-allocator-block-size=16777216"
    "memorysetup-thread-allocator-block-size=16777216"
    "memorysetup-gfx-main-allocator-block-size=16777216"
    "memorysetup-gfx-thread-allocator-block-size=16777216"
    "memorysetup-cache-allocator-block-size=4194304"
    "memorysetup-typetree-allocator-block-size=2097152"
    "memorysetup-profiler-bucket-allocator-granularity=16"
    "memorysetup-profiler-bucket-allocator-bucket-count=8"
    "memorysetup-profiler-bucket-allocator-block-size=33554432"
    "memorysetup-profiler-bucket-allocator-block-count=8"
    "memorysetup-profiler-allocator-block-size=16777216"
    "memorysetup-profiler-editor-allocator-block-size=1048576"
    "memorysetup-temp-allocator-size-main=16777216"
    "memorysetup-job-temp-allocator-block-size=2097152"
    "memorysetup-job-temp-allocator-block-size-background=1048576"
    "memorysetup-job-temp-allocator-reduction-small-platforms=262144"
    "memorysetup-temp-allocator-size-background-worker=32768"
    "memorysetup-temp-allocator-size-job-worker=262144"
    "memorysetup-temp-allocator-size-preload-manager=33554432"
    "memorysetup-temp-allocator-size-nav-mesh-worker=65536"
    "memorysetup-temp-allocator-size-audio-worker=65536"
    "memorysetup-temp-allocator-size-cloud-worker=32768"
    "memorysetup-temp-allocator-size-gi-baking-worker=262144"
    "memorysetup-temp-allocator-size-gfx=262144"
Player connection [24316] Host "[IP] 192.168.0.221 [Port] 0 [Flags] 2 [Guid] 828871814 [EditorId] 828871814 [Version] 1048832 [Id] WindowsEditor(7,DESKTOP-LQU2U5S) [Debug] 1 [PackageName] WindowsEditor [ProjectName] Editor" joined multi-casting on [225.0.0.222:54997]...

Player connection [24316] Host "[IP] 192.168.0.221 [Port] 0 [Flags] 2 [Guid] 828871814 [EditorId] 828871814 [Version] 1048832 [Id] WindowsEditor(7,DESKTOP-LQU2U5S) [Debug] 1 [PackageName] WindowsEditor [ProjectName] Editor" joined alternative multi-casting on [225.0.0.222:34997]...

Refreshing native plugins compatible for Editor in 96.54 ms, found 3 plugins.
Preloading 0 native plugins for Editor in 0.00 ms.
Initialize engine version: 2021.3.20f1 (577897200b8b)
[Subsystems] Discovering subsystems at path D:/Program Files (x86)/Unity/Editor/2021.3.20f1/Editor/Data/Resources/UnitySubsystems
[Subsystems] Discovering subsystems at path D:/Users/matte/Unity-projects/final-project/Assets
GfxDevice: creating device client; threaded=0; jobified=0
Direct3D:
    Version:  Direct3D 11.0 [level 11.1]
    Renderer: NVIDIA GeForce RTX 3060 Ti (ID=0x2489)
    Vendor:   NVIDIA
    VRAM:     8038 MB
    Driver:   31.0.15.3640
Initialize mono
Mono path[0] = 'D:/Program Files (x86)/Unity/Editor/2021.3.20f1/Editor/Data/Managed'
Mono path[1] = 'D:/Program Files (x86)/Unity/Editor/2021.3.20f1/Editor/Data/MonoBleedingEdge/lib/mono/unityjit-win32'
Mono config path = 'D:/Program Files (x86)/Unity/Editor/2021.3.20f1/Editor/Data/MonoBleedingEdge/etc'
Using monoOptions --debugger-agent=transport=dt_socket,embedding=1,server=y,suspend=n,address=127.0.0.1:56332
Begin MonoManager ReloadAssembly
Registering precompiled unity dll's ...
Register platform support module: D:/Program Files (x86)/Unity/Editor/2021.3.20f1/Editor/Data/PlaybackEngines/WebGLSupport/UnityEditor.WebGL.Extensions.dll
Register platform support module: D:/Program Files (x86)/Unity/Editor/2021.3.20f1/Editor/Data/PlaybackEngines/MacStandaloneSupport/UnityEditor.OSXStandalone.Extensions.dll
Register platform support module: D:/Program Files (x86)/Unity/Editor/2021.3.20f1/Editor/Data/PlaybackEngines/WindowsStandaloneSupport/UnityEditor.WindowsStandalone.Extensions.dll
Registered in 0.004099 seconds.
Native extension for WindowsStandalone target not found
Native extension for OSXStandalone target not found
Native extension for WebGL target not found
Refreshing native plugins compatible for Editor in 84.46 ms, found 3 plugins.
Preloading 0 native plugins for Editor in 0.00 ms.
Mono: successfully reloaded assembly
- Completed reload, in  0.571 seconds
Domain Reload Profiling:
	ReloadAssembly (571ms)
		BeginReloadAssembly (95ms)
			ExecutionOrderSort (0ms)
			DisableScriptedObjects (0ms)
			BackupInstance (0ms)
			ReleaseScriptingObjects (0ms)
			CreateAndSetChildDomain (1ms)
		EndReloadAssembly (397ms)
			LoadAssemblies (96ms)
			RebuildTransferFunctionScriptingTraits (0ms)
			SetupTypeCache (88ms)
			ReleaseScriptCaches (0ms)
			RebuildScriptCaches (22ms)
			SetupLoadedEditorAssemblies (247ms)
				LogAssemblyErrors (0ms)
				InitializePlatformSupportModulesInManaged (8ms)
				SetLoadedEditorAssemblies (0ms)
				RefreshPlugins (85ms)
				BeforeProcessingInitializeOnLoad (1ms)
				ProcessInitializeOnLoadAttributes (114ms)
				ProcessInitializeOnLoadMethodAttributes (38ms)
				AfterProcessingInitializeOnLoad (0ms)
				EditorAssembliesLoaded (0ms)
			ExecutionOrderSort2 (0ms)
			AwakeInstancesAfterBackupRestoration (0ms)
Platform modules already initialized, skipping
Registering precompiled user dll's ...
Registered in 0.005007 seconds.
Begin MonoManager ReloadAssembly
Symbol file LoadedFromMemory doesn't match image D:\Users\matte\Unity-projects\final-project\Library\PackageCache\com.unity.visualscripting@1.8.0\Editor\VisualScripting.Core\Dependencies\YamlDotNet\Unity.VisualScripting.YamlDotNet.dll
Symbol file LoadedFromMemory doesn't match image D:\Users\matte\Unity-projects\final-project\Library\PackageCache\com.unity.visualscripting@1.8.0\Editor\VisualScripting.Core\Dependencies\DotNetZip\Unity.VisualScripting.IonicZip.dll
Native extension for WindowsStandalone target not found
Native extension for OSXStandalone target not found
Native extension for WebGL target not found
Refreshing native plugins compatible for Editor in 85.13 ms, found 3 plugins.
Preloading 0 native plugins for Editor in 0.00 ms.
Mono: successfully reloaded assembly
- Completed reload, in  1.039 seconds
Domain Reload Profiling:
	ReloadAssembly (1039ms)
		BeginReloadAssembly (120ms)
			ExecutionOrderSort (0ms)
			DisableScriptedObjects (5ms)
			BackupInstance (0ms)
			ReleaseScriptingObjects (0ms)
			CreateAndSetChildDomain (17ms)
		EndReloadAssembly (829ms)
			LoadAssemblies (104ms)
			RebuildTransferFunctionScriptingTraits (0ms)
			SetupTypeCache (238ms)
			ReleaseScriptCaches (1ms)
			RebuildScriptCaches (46ms)
			SetupLoadedEditorAssemblies (438ms)
				LogAssemblyErrors (0ms)
				InitializePlatformSupportModulesInManaged (6ms)
				SetLoadedEditorAssemblies (0ms)
				RefreshPlugins (85ms)
				BeforeProcessingInitializeOnLoad (72ms)
				ProcessInitializeOnLoadAttributes (259ms)
				ProcessInitializeOnLoadMethodAttributes (13ms)
				AfterProcessingInitializeOnLoad (3ms)
				EditorAssembliesLoaded (0ms)
			ExecutionOrderSort2 (0ms)
			AwakeInstancesAfterBackupRestoration (7ms)
Platform modules already initialized, skipping
========================================================================
Worker process is ready to serve import requests
Launched and connected shader compiler UnityShaderCompiler.exe after 0.05 seconds
Refreshing native plugins compatible for Editor in 0.62 ms, found 3 plugins.
Preloading 0 native plugins for Editor in 0.00 ms.
Unloading 3622 Unused Serialized files (Serialized files now loaded: 0)
Unloading 40 unused Assets / (188.8 KB). Loaded Objects now: 4112.
Memory consumption went from 148.4 MB to 148.2 MB.
Total: 2.930300 ms (FindLiveObjects: 0.319300 ms CreateObjectMapping: 0.113700 ms MarkObjects: 2.339700 ms  DeleteObjects: 0.157000 ms)

AssetImportParameters requested are different than current active one (requested -> active):
  custom:video-decoder-ogg-theora: a1e56fd34408186e4bbccfd4996cb3dc -> 
  custom:container-muxer-webm: aa71ff27fc2769a1b78a27578f13a17b -> 
  custom:container-demuxer-webm: 4f35f7cbe854078d1ac9338744f61a02 -> 
  custom:video-encoder-webm-vp8: eb34c28f22e8b96e1ab97ce403110664 -> 
  custom:audio-encoder-webm-vorbis: bf7c407c2cedff20999df2af8eb42d56 -> 
  custom:framework-win-MediaFoundation: 216162199b28c13a410421893ffa2e32 -> 
  custom:container-demuxer-ogg: 62fdf1f143b41e24485cea50d1cbac27 -> 
  custom:video-decoder-webm-vp8: 9c59270c3fd7afecdb556c50c9e8de78 -> 
  custom:audio-decoder-ogg-vorbis: bf7c407c2cedff20999df2af8eb42d56 -> 
========================================================================
Received Import Request.
  Time since last request: 13418.675627 seconds.
  path: Assets/MyPrefabs/PlayerHUD.prefab
  artifactKey: Guid(e008090c5f7230847a11f9c0544d8e6f) Importer(815301076,1909f56bfc062723c751e8b465ee728b)
Start importing Assets/MyPrefabs/PlayerHUD.prefab using Guid(e008090c5f7230847a11f9c0544d8e6f) Importer(815301076,1909f56bfc062723c751e8b465ee728b)  -> (artifact id: 'f8f969c0b47d1ab35c561b36e7e300b0') in 0.056736 seconds 
========================================================================
Received Import Request.
  Time since last request: 3.732796 seconds.
  path: Assets/MyPrefabs/PlayerHUD.prefab
  artifactKey: Guid(e008090c5f7230847a11f9c0544d8e6f) Importer(815301076,1909f56bfc062723c751e8b465ee728b)
Start importing Assets/MyPrefabs/PlayerHUD.prefab using Guid(e008090c5f7230847a11f9c0544d8e6f) Importer(815301076,1909f56bfc062723c751e8b465ee728b)  -> (artifact id: '98ed32849ce7f4b04af3d824f1614c9c') in 0.006367 seconds 
========================================================================
Received Import Request.
  Time since last request: 2.628766 seconds.
  path: Assets/MyPrefabs/PlayerHUD.prefab
  artifactKey: Guid(e008090c5f7230847a11f9c0544d8e6f) Importer(815301076,1909f56bfc062723c751e8b465ee728b)
Start importing Assets/MyPrefabs/PlayerHUD.prefab using Guid(e008090c5f7230847a11f9c0544d8e6f) Importer(815301076,1909f56bfc062723c751e8b465ee728b)  -> (artifact id: 'e5a8349c389f36189547afad5eec31d7') in 0.005673 seconds 
========================================================================
Received Import Request.
  Time since last request: 14.288844 seconds.
  path: Assets/MyPrefabs/VictoryUI.prefab
  artifactKey: Guid(238e6194e966d43428c6cfef5d019754) Importer(815301076,1909f56bfc062723c751e8b465ee728b)
Start importing Assets/MyPrefabs/VictoryUI.prefab using Guid(238e6194e966d43428c6cfef5d019754) Importer(815301076,1909f56bfc062723c751e8b465ee728b)  -> (artifact id: '2fc2b45de6155c3f7698254203e9d581') in 0.004079 seconds 
========================================================================
Received Prepare
Registering precompiled user dll's ...
Registered in 0.005054 seconds.
Begin MonoManager ReloadAssembly
Symbol file LoadedFromMemory doesn't match image D:\Users\matte\Unity-projects\final-project\Library\PackageCache\com.unity.visualscripting@1.8.0\Editor\VisualScripting.Core\Dependencies\YamlDotNet\Unity.VisualScripting.YamlDotNet.dll
Symbol file LoadedFromMemory doesn't match image D:\Users\matte\Unity-projects\final-project\Library\PackageCache\com.unity.visualscripting@1.8.0\Editor\VisualScripting.Core\Dependencies\DotNetZip\Unity.VisualScripting.IonicZip.dll
Native extension for WindowsStandalone target not found
Native extension for OSXStandalone target not found
Native extension for WebGL target not found
Refreshing native plugins compatible for Editor in 0.75 ms, found 3 plugins.
Preloading 0 native plugins for Editor in 0.00 ms.
Mono: successfully reloaded assembly
- Completed reload, in  1.054 seconds
Domain Reload Profiling:
	ReloadAssembly (1055ms)
		BeginReloadAssembly (185ms)
			ExecutionOrderSort (0ms)
			DisableScriptedObjects (4ms)
			BackupInstance (0ms)
			ReleaseScriptingObjects (0ms)
			CreateAndSetChildDomain (33ms)
		EndReloadAssembly (777ms)
			LoadAssemblies (147ms)
			RebuildTransferFunctionScriptingTraits (0ms)
			SetupTypeCache (264ms)
			ReleaseScriptCaches (1ms)
			RebuildScriptCaches (38ms)
			SetupLoadedEditorAssemblies (350ms)
				LogAssemblyErrors (0ms)
				InitializePlatformSupportModulesInManaged (7ms)
				SetLoadedEditorAssemblies (0ms)
				RefreshPlugins (1ms)
				BeforeProcessingInitializeOnLoad (57ms)
				ProcessInitializeOnLoadAttributes (263ms)
				ProcessInitializeOnLoadMethodAttributes (18ms)
				AfterProcessingInitializeOnLoad (3ms)
				EditorAssembliesLoaded (0ms)
			ExecutionOrderSort2 (0ms)
			AwakeInstancesAfterBackupRestoration (8ms)
Platform modules already initialized, skipping
Refreshing native plugins compatible for Editor in 1.62 ms, found 3 plugins.
Preloading 0 native plugins for Editor in 0.00 ms.
Unloading 3600 Unused Serialized files (Serialized files now loaded: 0)
Unloading 19 unused Assets / (156.9 KB). Loaded Objects now: 4128.
Memory consumption went from 146.1 MB to 145.9 MB.
Total: 2.857300 ms (FindLiveObjects: 0.241500 ms CreateObjectMapping: 0.097200 ms MarkObjects: 2.385500 ms  DeleteObjects: 0.132100 ms)

AssetImportParameters requested are different than current active one (requested -> active):
  custom:video-decoder-ogg-theora: a1e56fd34408186e4bbccfd4996cb3dc -> 
  custom:container-muxer-webm: aa71ff27fc2769a1b78a27578f13a17b -> 
  custom:container-demuxer-webm: 4f35f7cbe854078d1ac9338744f61a02 -> 
  custom:video-encoder-webm-vp8: eb34c28f22e8b96e1ab97ce403110664 -> 
  custom:audio-encoder-webm-vorbis: bf7c407c2cedff20999df2af8eb42d56 -> 
  custom:framework-win-MediaFoundation: 216162199b28c13a410421893ffa2e32 -> 
  custom:container-demuxer-ogg: 62fdf1f143b41e24485cea50d1cbac27 -> 
  custom:video-decoder-webm-vp8: 9c59270c3fd7afecdb556c50c9e8de78 -> 
  custom:audio-decoder-ogg-vorbis: bf7c407c2cedff20999df2af8eb42d56 -> 
========================================================================
Received Import Request.
  Time since last request: 40.929673 seconds.
  path: Assets/GameHUD/HUDS/PortalActivationUI.prefab
  artifactKey: Guid(a8e5d20815ef4fc4d967303386d188a0) Importer(815301076,1909f56bfc062723c751e8b465ee728b)
Start importing Assets/GameHUD/HUDS/PortalActivationUI.prefab using Guid(a8e5d20815ef4fc4d967303386d188a0) Importer(815301076,1909f56bfc062723c751e8b465ee728b)  -> (artifact id: '2fe9476afcf502488b1e57441eebc25b') in 0.030385 seconds 
========================================================================
Received Import Request.
  Time since last request: 11.919459 seconds.
  path: Assets/GameHUD/HUDS/PortalActivationUI.prefab
  artifactKey: Guid(a8e5d20815ef4fc4d967303386d188a0) Importer(815301076,1909f56bfc062723c751e8b465ee728b)
Start importing Assets/GameHUD/HUDS/PortalActivationUI.prefab using Guid(a8e5d20815ef4fc4d967303386d188a0) Importer(815301076,1909f56bfc062723c751e8b465ee728b)  -> (artifact id: 'fdf2a44b60ceeb6852a665fad18607e1') in 0.005452 seconds 
========================================================================
Received Import Request.
  Time since last request: 47.789447 seconds.
  path: Assets/MyPrefabs/Waipoints
  artifactKey: Guid(3f454ea94fc3c774bb4d2702a20d9794) Importer(815301076,1909f56bfc062723c751e8b465ee728b)
Start importing Assets/MyPrefabs/Waipoints using Guid(3f454ea94fc3c774bb4d2702a20d9794) Importer(815301076,1909f56bfc062723c751e8b465ee728b)  -> (artifact id: '2e24abe763deaec72f072106517a76a9') in 0.001487 seconds 
========================================================================
Received Import Request.
  Time since last request: 14.994407 seconds.
  path: Assets/MyPrefabs/Waipoints/SpawnPoints
  artifactKey: Guid(af9723a72be1da14fad84f52af5a35c7) Importer(815301076,1909f56bfc062723c751e8b465ee728b)
Start importing Assets/MyPrefabs/Waipoints/SpawnPoints using Guid(af9723a72be1da14fad84f52af5a35c7) Importer(815301076,1909f56bfc062723c751e8b465ee728b)  -> (artifact id: '5f501e194e73ff77a2d1b23bb2b5112c') in 0.001716 seconds 
========================================================================
Received Import Request.
  Time since last request: 15.908212 seconds.
  path: Assets/MyPrefabs/Spawnpoints
  artifactKey: Guid(3775c6929ab253e4b8562f2bbdfd37f3) Importer(815301076,1909f56bfc062723c751e8b465ee728b)
Start importing Assets/MyPrefabs/Spawnpoints using Guid(3775c6929ab253e4b8562f2bbdfd37f3) Importer(815301076,1909f56bfc062723c751e8b465ee728b)  -> (artifact id: '82bd1415b75f4290fe3ec4c6197b18af') in 0.002017 seconds 
========================================================================
Received Import Request.
  Time since last request: 22.262432 seconds.
  path: Assets/MyPrefabs/Player
  artifactKey: Guid(8934cef0b1dd7694eb7110f12e8d9ff7) Importer(815301076,1909f56bfc062723c751e8b465ee728b)
Start importing Assets/MyPrefabs/Player using Guid(8934cef0b1dd7694eb7110f12e8d9ff7) Importer(815301076,1909f56bfc062723c751e8b465ee728b)  -> (artifact id: 'ff532f6b96c5166845e7250bfee74319') in 0.001895 seconds 
========================================================================
Received Import Request.
  Time since last request: 11.751853 seconds.
  path: Assets/MyPrefabs/Player/New Folder
  artifactKey: Guid(72f82d4f71f68244d97c3efe15118ca4) Importer(815301076,1909f56bfc062723c751e8b465ee728b)
Start importing Assets/MyPrefabs/Player/New Folder using Guid(72f82d4f71f68244d97c3efe15118ca4) Importer(815301076,1909f56bfc062723c751e8b465ee728b)  -> (artifact id: '455426fd4f4cd20f45114bef50c067d1') in 0.001699 seconds 
========================================================================
Received Import Request.
  Time since last request: 11.983201 seconds.
  path: Assets/MyPrefabs/Enemies
  artifactKey: Guid(8cf33fdaebe7aa3489049e521021c03f) Importer(815301076,1909f56bfc062723c751e8b465ee728b)
Start importing Assets/MyPrefabs/Enemies using Guid(8cf33fdaebe7aa3489049e521021c03f) Importer(815301076,1909f56bfc062723c751e8b465ee728b)  -> (artifact id: 'f450f39bd7c292dc0b63183d56d082e6') in 0.001408 seconds 
========================================================================
Received Prepare
Refreshing native plugins compatible for Editor in 4.34 ms, found 3 plugins.
Preloading 0 native plugins for Editor in 0.00 ms.
Unloading 19 Unused Serialized files (Serialized files now loaded: 0)
Unloading 19 unused Assets / (154.2 KB). Loaded Objects now: 4128.
Memory consumption went from 74.1 MB to 73.9 MB.
Total: 3.470700 ms (FindLiveObjects: 0.262400 ms CreateObjectMapping: 0.090000 ms MarkObjects: 2.995400 ms  DeleteObjects: 0.121800 ms)

AssetImportParameters requested are different than current active one (requested -> active):
  custom:video-decoder-ogg-theora: a1e56fd34408186e4bbccfd4996cb3dc -> 
  custom:container-muxer-webm: aa71ff27fc2769a1b78a27578f13a17b -> 
  custom:container-demuxer-webm: 4f35f7cbe854078d1ac9338744f61a02 -> 
  custom:video-encoder-webm-vp8: eb34c28f22e8b96e1ab97ce403110664 -> 
  custom:audio-encoder-webm-vorbis: bf7c407c2cedff20999df2af8eb42d56 -> 
  custom:framework-win-MediaFoundation: 216162199b28c13a410421893ffa2e32 -> 
  custom:container-demuxer-ogg: 62fdf1f143b41e24485cea50d1cbac27 -> 
  custom:video-decoder-webm-vp8: 9c59270c3fd7afecdb556c50c9e8de78 -> 
  custom:audio-decoder-ogg-vorbis: bf7c407c2cedff20999df2af8eb42d56 -> 
========================================================================
Received Import Request.
  Time since last request: 116.788111 seconds.
  path: Assets/GameHUD/HUDS/DeathUI.prefab
  artifactKey: Guid(2866085784bd8ec4f929ea5337754056) Importer(815301076,1909f56bfc062723c751e8b465ee728b)
Start importing Assets/GameHUD/HUDS/DeathUI.prefab using Guid(2866085784bd8ec4f929ea5337754056) Importer(815301076,1909f56bfc062723c751e8b465ee728b)  -> (artifact id: '0a50a8a5bf32f30f8b63210f826d09d8') in 0.008291 seconds 
========================================================================
Received Prepare
Refreshing native plugins compatible for Editor in 4.42 ms, found 3 plugins.
Preloading 0 native plugins for Editor in 0.00 ms.
Unloading 19 Unused Serialized files (Serialized files now loaded: 0)
Unloading 19 unused Assets / (154.1 KB). Loaded Objects now: 4128.
Memory consumption went from 74.1 MB to 73.9 MB.
Total: 3.372400 ms (FindLiveObjects: 0.297400 ms CreateObjectMapping: 0.090000 ms MarkObjects: 2.853200 ms  DeleteObjects: 0.130400 ms)

AssetImportParameters requested are different than current active one (requested -> active):
  custom:video-decoder-ogg-theora: a1e56fd34408186e4bbccfd4996cb3dc -> 
  custom:container-muxer-webm: aa71ff27fc2769a1b78a27578f13a17b -> 
  custom:container-demuxer-webm: 4f35f7cbe854078d1ac9338744f61a02 -> 
  custom:video-encoder-webm-vp8: eb34c28f22e8b96e1ab97ce403110664 -> 
  custom:audio-encoder-webm-vorbis: bf7c407c2cedff20999df2af8eb42d56 -> 
  custom:framework-win-MediaFoundation: 216162199b28c13a410421893ffa2e32 -> 
  custom:container-demuxer-ogg: 62fdf1f143b41e24485cea50d1cbac27 -> 
  custom:video-decoder-webm-vp8: 9c59270c3fd7afecdb556c50c9e8de78 -> 
  custom:audio-decoder-ogg-vorbis: bf7c407c2cedff20999df2af8eb42d56 -> 
